<?xml version="1.0" encoding="UTF-8" ?>
<testsuites>
  <testsuite errors="0" failures="0" hostname="VWPowerBookG4.local" id="0" name="SpaceServiceTest" package="org.gruple" tests="1" time="0.539" timestamp="2009-05-14T15:43:27">
      <properties>
[...]
</properties>

      <testcase classname="org.gruple.SpaceServiceTest" name="testService" time="0.47" />

      <system-out><![CDATA[getting tuple1 from default
]]></system-out>

      <system-err />

  </testsuite>
  <testsuite errors="1" failures="0" hostname="VWPowerBookG4.local" id="1" name="SpaceTest" package="org.gruple" tests="2" time="2.667" timestamp="2009-05-14T15:43:29">
      <properties>
[...]
</properties>

      <testcase classname="org.gruple.SpaceTest" name="testSpace" time="2.156">
          <error message="Negative array index [-1] too large for array size 0" type="java.lang.ArrayIndexOutOfBoundsException">java.lang.ArrayIndexOutOfBoundsException: Negative array index [-1] too large for array size 0
	at org.codehaus.groovy.runtime.DefaultGroovyMethodsSupport.normaliseIndex(DefaultGroovyMethodsSupport.java:69)
	at org.codehaus.groovy.runtime.DefaultGroovyMethods.getAt(DefaultGroovyMethods.java:3274)
	at org.codehaus.groovy.runtime.dgm$207.invoke(Unknown Source)
	at org.codehaus.groovy.runtime.callsite.PojoMetaMethodSite$PojoMetaMethodSiteNoUnwrapNoCoerce.invoke(PojoMetaMethodSite.java:270)
	at org.codehaus.groovy.runtime.callsite.PojoMetaMethodSite.call(PojoMetaMethodSite.java:52)
	at org.codehaus.groovy.runtime.callsite.AbstractCallSite.call(AbstractCallSite.java:124)
	at org.gruple.Space.getMatch(Space.groovy:486)
	at org.gruple.Space.this$2$getMatch(Space.groovy)
	at org.gruple.Space$this$2$getMatch.callCurrent(Unknown Source)
	at org.gruple.Space.take(Space.groovy:230)
	at org.gruple.Space$take$0.callCurrent(Unknown Source)
	at org.codehaus.groovy.runtime.callsite.CallSiteArray.defaultCallCurrent(CallSiteArray.java:47)
	at org.codehaus.groovy.runtime.callsite.AbstractCallSite.callCurrent(AbstractCallSite.java:142)
	at org.codehaus.groovy.runtime.callsite.AbstractCallSite.callCurrent(AbstractCallSite.java:154)
	at org.gruple.Space.take(Space.groovy:259)
	at org.gruple.Space$take$2.callCurrent(Unknown Source)
	at org.codehaus.groovy.runtime.callsite.CallSiteArray.defaultCallCurrent(CallSiteArray.java:47)
	at org.codehaus.groovy.runtime.callsite.AbstractCallSite.callCurrent(AbstractCallSite.java:142)
	at org.codehaus.groovy.runtime.callsite.AbstractCallSite.callCurrent(AbstractCallSite.java:154)
	at org.gruple.Space.take(Space.groovy)
	at org.gruple.Space$take$1.call(Unknown Source)
	at org.codehaus.groovy.runtime.callsite.CallSiteArray.defaultCall(CallSiteArray.java:43)
	at org.codehaus.groovy.runtime.callsite.AbstractCallSite.call(AbstractCallSite.java:116)
	at org.codehaus.groovy.runtime.callsite.AbstractCallSite.call(AbstractCallSite.java:124)
	at org.gruple.SpaceTest.testSpace(SpaceTest.groovy:93)
</error>

      </testcase>

      <testcase classname="org.gruple.SpaceTest" name="testDurations" time="0.455" />

      <system-out><![CDATA[Starting space test at 1242315810914
]]></system-out>

      <system-err />

  </testsuite>
  <testsuite errors="0" failures="0" hostname="VWPowerBookG4.local" id="2" name="TupleTest" package="org.gruple" tests="7" time="0.48" timestamp="2009-05-14T15:43:33">
      <properties>
[...]
</properties>

      <testcase classname="org.gruple.TupleTest" name="testConstruct" time="0.282" />

      <testcase classname="org.gruple.TupleTest" name="testMatches" time="0.053" />

      <testcase classname="org.gruple.TupleTest" name="testEquals" time="0.0080" />

      <testcase classname="org.gruple.TupleTest" name="testHash" time="0.015" />

      <testcase classname="org.gruple.TupleTest" name="testTupleHash" time="0.012" />

      <testcase classname="org.gruple.TupleTest" name="testImmutable" time="0.019" />

      <testcase classname="org.gruple.TupleTest" name="testClosures" time="0.012" />

      <system-out><![CDATA[Template: [lname:null, email:vanessa@fridgebuzz.com, age:22, fname:Vanessa]]]></system-out>

      <system-err />

  </testsuite>
</testsuites>
